<?xml version="1.0" encoding="UTF-8"?>
<!-- Generated by org.testng.reporters.JUnitReportReporter -->
<testsuite skipped="0" hostname="Rahul" name="Day1.DiffWaysToCreatePostReqBody" tests="1" failures="0" timestamp="2023-06-13T01:40:13 IST" time="7.753" errors="0">
  <testcase name="updateStudent" time="7.753" classname="Day1.DiffWaysToCreatePostReqBody"/>
  <system-out/>
</testsuite> <!-- Day1.DiffWaysToCreatePostReqBody -->
