<?xml version="1.0" encoding="UTF-8"?>
<!-- Generated by org.testng.reporters.JUnitReportReporter -->
<testsuite skipped="0" hostname="Rahul" name="Day1.HTTPRequest" tests="3" failures="0" timestamp="2023-06-11T01:08:09 IST" time="10.092" errors="0">
  <testcase name="getUsersList" time="6.418" classname="Day1.HTTPRequest"/>
  <system-out/>
  <testcase name="createUser" time="3.205" classname="Day1.HTTPRequest"/>
  <system-out/>
  <testcase name="updateUser" time="0.469" classname="Day1.HTTPRequest"/>
  <system-out/>
</testsuite> <!-- Day1.HTTPRequest -->
