<?xml version="1.0" encoding="UTF-8"?>
<!-- Generated by org.testng.reporters.JUnitReportReporter -->
<testsuite skipped="0" hostname="Rahul" name="Day2.JsonSchemaValidation" tests="2" failures="0" timestamp="2023-06-14T01:54:45 IST" time="9.378" errors="0">
  <testcase name="validateJsonSchema" time="3.121" classname="Day2.JsonSchemaValidation"/>
  <system-out/>
  <testcase name="parseJsonDataUsingJsonObject" time="6.257" classname="Day2.JsonSchemaValidation"/>
  <system-out/>
</testsuite> <!-- Day2.JsonSchemaValidation -->
